<?xml version="1.0" encoding="UTF-8"?>
<!-- Generated by org.testng.reporters.JUnitReportReporter -->
<testsuite hostname="Desktop-lfk" failures="0" tests="1" name="alinechallenge.AppiumBasics" time="2.241" errors="0" timestamp="2023-12-17T16:05:49 WET" skipped="0">
  <testcase classname="alinechallenge.AppiumBasics" name="AppiumTest" time="2.241"/>
  <system-out/>
</testsuite> <!-- alinechallenge.AppiumBasics -->
